<?xml version="1.0" encoding="UTF-8"?>
<!-- Generated by org.testng.reporters.JUnitReportReporter -->
<testsuite hostname="DESKTOP-EVK9GMC" failures="0" tests="2" name="basics.Test6" time="19.194" errors="0" timestamp="2021-02-23T16:15:29 IST" skipped="0">
  <testcase classname="basics.Test6" name="demo" time="6.174"/>
  <testcase classname="basics.Test6" name="demo" time="13.020"/>
</testsuite> <!-- basics.Test6 -->
